Sun Dec  4 23:02:16 2022: Running xcd server. This server was built by gradle.
Sun Dec  4 23:02:16 2022: Server was asked to start on port: '34081'
Sun Dec  4 23:02:16 2022: Server is using token UUID: 'a5318bd7-0709-43bc-8b71-b69afde405f9'
Sun Dec  4 23:02:16 2022: SESSION_MGR: creating session with session uuid: '6d04a3e9-ade5-4ab9-8d63-1f78fcd2ec76' and name 'default'
Sun Dec  4 23:02:16 2022: Attempting to start server on port '34081'
Sun Dec  4 23:02:16 2022: XCD main fifo: created main fifo '/tmp/xcdmaina5318bd7-0709-43bc-8b71-b69afde405f9', fd read = 14
Sun Dec  4 23:02:16 2022: Running Dispatch Server
Sun Dec  4 23:02:16 2022: Version 2.2.0
Sun Dec  4 23:02:25 2022: Dispatch Server: Accepted socket connection from client
Sun Dec  4 23:02:25 2022: Starting Socket connection
Sun Dec  4 23:02:25 2022: EXCHANGE_TOKEN received, server token: a5318bd7-0709-43bc-8b71-b69afde405f9, passed token: a5318bd7-0709-43bc-8b71-b69afde405f9
Sun Dec  4 23:02:25 2022: DISPATCH_HANDLER: Adding handler from function makeHandler in library libxv_system_diagram
Sun Dec  4 23:02:25 2022: SESSION_MGR: creating session with session uuid: 'ec7de2ae-0f6e-4a8c-8620-52974e37be2e' and name 'krnl_vadd'
Sun Dec  4 23:02:25 2022: KERNEL_SVC: creating session with uuid: 'ec7de2ae-0f6e-4a8c-8620-52974e37be2e' and name 'krnl_vadd'
Sun Dec  4 23:02:25 2022: GUIDANCE_SMGR: creating guidance session with uuid: 'ec7de2ae-0f6e-4a8c-8620-52974e37be2e' and name 'krnl_vadd'
Sun Dec  4 23:02:25 2022: SYSTEM_DIAGRAM: creating session with uuid: 'ec7de2ae-0f6e-4a8c-8620-52974e37be2e' and name 'krnl_vadd'
Sun Dec  4 23:02:54 2022: SESSION_MGR: closing session for UUID 'ec7de2ae-0f6e-4a8c-8620-52974e37be2e' with name 'krnl_vadd'
Sun Dec  4 23:02:54 2022: KERNEL_SVC: closing session for UUID 'ec7de2ae-0f6e-4a8c-8620-52974e37be2e' with name 'krnl_vadd'
Sun Dec  4 23:02:54 2022: GUIDANCE_SMGR: closing session for UUID 'ec7de2ae-0f6e-4a8c-8620-52974e37be2e' with name 'krnl_vadd'
Sun Dec  4 23:02:54 2022: SYSTEM_DIAGRAM: closing session for UUID 'ec7de2ae-0f6e-4a8c-8620-52974e37be2e' with name 'krnl_vadd'
Sun Dec  4 23:02:54 2022: STOP_SERVER received, server token: a5318bd7-0709-43bc-8b71-b69afde405f9, passed token: a5318bd7-0709-43bc-8b71-b69afde405f9
Sun Dec  4 23:02:54 2022: Socket received request to stop server.
Sun Dec  4 23:02:54 2022: Dispatch Server: do_await_stop
Sun Dec  4 23:02:54 2022: Dispatch Server: stopping mainFifo_
Sun Dec  4 23:02:54 2022: XCD main fifo: Stopping
Sun Dec  4 23:02:54 2022: XCD main fifo: do_read error code: Operation canceled
Sun Dec  4 23:02:54 2022: XCD main fifo: bytes_transferred: 0
Sun Dec  4 23:02:54 2022: SERVER: destructor for server bound to port 34081
Sun Dec  4 23:02:54 2022: XCD main fifo: Good unlink of /tmp/xcdmaina5318bd7-0709-43bc-8b71-b69afde405f9
Sun Dec  4 23:02:54 2022: Server exiting with status 0.
Sun Dec  4 23:02:54 2022: Closing log file.
Sun Dec  4 23:27:18 2022: Running xcd server. This server was built by gradle.
Sun Dec  4 23:27:18 2022: Server was asked to start on port: '34231'
Sun Dec  4 23:27:18 2022: Server is using token UUID: '7284a740-9ffe-4c5a-8365-f1411995958b'
Sun Dec  4 23:27:18 2022: SESSION_MGR: creating session with session uuid: '6d04a3e9-ade5-4ab9-8d63-1f78fcd2ec76' and name 'default'
Sun Dec  4 23:27:18 2022: Attempting to start server on port '34231'
Sun Dec  4 23:27:18 2022: XCD main fifo: created main fifo '/tmp/xcdmain7284a740-9ffe-4c5a-8365-f1411995958b', fd read = 14
Sun Dec  4 23:27:18 2022: Running Dispatch Server
Sun Dec  4 23:27:18 2022: Version 2.2.0
Sun Dec  4 23:27:27 2022: Dispatch Server: Accepted socket connection from client
Sun Dec  4 23:27:27 2022: Starting Socket connection
Sun Dec  4 23:27:27 2022: EXCHANGE_TOKEN received, server token: 7284a740-9ffe-4c5a-8365-f1411995958b, passed token: 7284a740-9ffe-4c5a-8365-f1411995958b
Sun Dec  4 23:27:27 2022: DISPATCH_HANDLER: Adding handler from function makeHandler in library libxv_system_diagram
Sun Dec  4 23:27:27 2022: SESSION_MGR: creating session with session uuid: '654bd6b1-e90c-478a-983e-430ad99ab369' and name 'krnl_vadd'
Sun Dec  4 23:27:27 2022: KERNEL_SVC: creating session with uuid: '654bd6b1-e90c-478a-983e-430ad99ab369' and name 'krnl_vadd'
Sun Dec  4 23:27:27 2022: GUIDANCE_SMGR: creating guidance session with uuid: '654bd6b1-e90c-478a-983e-430ad99ab369' and name 'krnl_vadd'
Sun Dec  4 23:27:27 2022: SYSTEM_DIAGRAM: creating session with uuid: '654bd6b1-e90c-478a-983e-430ad99ab369' and name 'krnl_vadd'
Sun Dec  4 23:27:39 2022: SESSION_MGR: closing session for UUID '654bd6b1-e90c-478a-983e-430ad99ab369' with name 'krnl_vadd'
Sun Dec  4 23:27:39 2022: KERNEL_SVC: closing session for UUID '654bd6b1-e90c-478a-983e-430ad99ab369' with name 'krnl_vadd'
Sun Dec  4 23:27:39 2022: GUIDANCE_SMGR: closing session for UUID '654bd6b1-e90c-478a-983e-430ad99ab369' with name 'krnl_vadd'
Sun Dec  4 23:27:39 2022: SYSTEM_DIAGRAM: closing session for UUID '654bd6b1-e90c-478a-983e-430ad99ab369' with name 'krnl_vadd'
Sun Dec  4 23:27:39 2022: STOP_SERVER received, server token: 7284a740-9ffe-4c5a-8365-f1411995958b, passed token: 7284a740-9ffe-4c5a-8365-f1411995958b
Sun Dec  4 23:27:39 2022: Socket received request to stop server.
Sun Dec  4 23:27:39 2022: Dispatch Server: do_await_stop
Sun Dec  4 23:27:39 2022: Dispatch Server: stopping mainFifo_
Sun Dec  4 23:27:39 2022: XCD main fifo: Stopping
Sun Dec  4 23:27:39 2022: XCD main fifo: do_read error code: Operation canceled
Sun Dec  4 23:27:39 2022: XCD main fifo: bytes_transferred: 0
Sun Dec  4 23:27:39 2022: SERVER: destructor for server bound to port 34231
Sun Dec  4 23:27:39 2022: XCD main fifo: Good unlink of /tmp/xcdmain7284a740-9ffe-4c5a-8365-f1411995958b
Sun Dec  4 23:27:39 2022: Server exiting with status 0.
Sun Dec  4 23:27:39 2022: Closing log file.
Sun Dec  4 23:29:35 2022: Running xcd server. This server was built by gradle.
Sun Dec  4 23:29:35 2022: Server was asked to start on port: '37989'
Sun Dec  4 23:29:35 2022: Server is using token UUID: 'ede8c4aa-868f-4cee-ba9d-55c920b73856'
Sun Dec  4 23:29:35 2022: SESSION_MGR: creating session with session uuid: '6d04a3e9-ade5-4ab9-8d63-1f78fcd2ec76' and name 'default'
Sun Dec  4 23:29:35 2022: Attempting to start server on port '37989'
Sun Dec  4 23:29:35 2022: XCD main fifo: created main fifo '/tmp/xcdmainede8c4aa-868f-4cee-ba9d-55c920b73856', fd read = 14
Sun Dec  4 23:29:35 2022: Running Dispatch Server
Sun Dec  4 23:29:35 2022: Version 2.2.0
Sun Dec  4 23:29:44 2022: Dispatch Server: Accepted socket connection from client
Sun Dec  4 23:29:44 2022: Starting Socket connection
Sun Dec  4 23:29:44 2022: EXCHANGE_TOKEN received, server token: ede8c4aa-868f-4cee-ba9d-55c920b73856, passed token: ede8c4aa-868f-4cee-ba9d-55c920b73856
Sun Dec  4 23:29:44 2022: DISPATCH_HANDLER: Adding handler from function makeHandler in library libxv_system_diagram
Sun Dec  4 23:29:44 2022: SESSION_MGR: creating session with session uuid: 'bfee96f5-fbc3-4f29-a455-d0dbc1c3b43c' and name 'krnl_vadd'
Sun Dec  4 23:29:44 2022: KERNEL_SVC: creating session with uuid: 'bfee96f5-fbc3-4f29-a455-d0dbc1c3b43c' and name 'krnl_vadd'
Sun Dec  4 23:29:44 2022: GUIDANCE_SMGR: creating guidance session with uuid: 'bfee96f5-fbc3-4f29-a455-d0dbc1c3b43c' and name 'krnl_vadd'
Sun Dec  4 23:29:44 2022: SYSTEM_DIAGRAM: creating session with uuid: 'bfee96f5-fbc3-4f29-a455-d0dbc1c3b43c' and name 'krnl_vadd'
Sun Dec  4 23:30:18 2022: SESSION_MGR: closing session for UUID 'bfee96f5-fbc3-4f29-a455-d0dbc1c3b43c' with name 'krnl_vadd'
Sun Dec  4 23:30:18 2022: KERNEL_SVC: closing session for UUID 'bfee96f5-fbc3-4f29-a455-d0dbc1c3b43c' with name 'krnl_vadd'
Sun Dec  4 23:30:18 2022: GUIDANCE_SMGR: closing session for UUID 'bfee96f5-fbc3-4f29-a455-d0dbc1c3b43c' with name 'krnl_vadd'
Sun Dec  4 23:30:18 2022: SYSTEM_DIAGRAM: closing session for UUID 'bfee96f5-fbc3-4f29-a455-d0dbc1c3b43c' with name 'krnl_vadd'
Sun Dec  4 23:30:18 2022: STOP_SERVER received, server token: ede8c4aa-868f-4cee-ba9d-55c920b73856, passed token: ede8c4aa-868f-4cee-ba9d-55c920b73856
Sun Dec  4 23:30:18 2022: Socket received request to stop server.
Sun Dec  4 23:30:18 2022: Dispatch Server: do_await_stop
Sun Dec  4 23:30:18 2022: Dispatch Server: stopping mainFifo_
Sun Dec  4 23:30:18 2022: XCD main fifo: Stopping
Sun Dec  4 23:30:18 2022: XCD main fifo: do_read error code: Operation canceled
Sun Dec  4 23:30:18 2022: XCD main fifo: bytes_transferred: 0
Sun Dec  4 23:30:18 2022: SERVER: destructor for server bound to port 37989
Sun Dec  4 23:30:18 2022: XCD main fifo: Good unlink of /tmp/xcdmainede8c4aa-868f-4cee-ba9d-55c920b73856
Sun Dec  4 23:30:18 2022: Server exiting with status 0.
Sun Dec  4 23:30:18 2022: Closing log file.
Sun Dec  4 23:48:18 2022: Running xcd server. This server was built by gradle.
Sun Dec  4 23:48:18 2022: Server was asked to start on port: '45467'
Sun Dec  4 23:48:18 2022: Server is using token UUID: 'e12ef0e8-9c93-43d0-8495-7d64f39ed7f6'
Sun Dec  4 23:48:18 2022: SESSION_MGR: creating session with session uuid: '6d04a3e9-ade5-4ab9-8d63-1f78fcd2ec76' and name 'default'
Sun Dec  4 23:48:18 2022: Attempting to start server on port '45467'
Sun Dec  4 23:48:18 2022: XCD main fifo: created main fifo '/tmp/xcdmaine12ef0e8-9c93-43d0-8495-7d64f39ed7f6', fd read = 14
Sun Dec  4 23:48:18 2022: Running Dispatch Server
Sun Dec  4 23:48:18 2022: Version 2.2.0
Sun Dec  4 23:48:27 2022: Dispatch Server: Accepted socket connection from client
Sun Dec  4 23:48:27 2022: Starting Socket connection
Sun Dec  4 23:48:27 2022: EXCHANGE_TOKEN received, server token: e12ef0e8-9c93-43d0-8495-7d64f39ed7f6, passed token: e12ef0e8-9c93-43d0-8495-7d64f39ed7f6
Sun Dec  4 23:48:27 2022: DISPATCH_HANDLER: Adding handler from function makeHandler in library libxv_system_diagram
Sun Dec  4 23:48:27 2022: SESSION_MGR: creating session with session uuid: '3af4ce31-1c3a-4b4e-8ed0-a6d8f40e5af2' and name 'krnl_vadd'
Sun Dec  4 23:48:27 2022: KERNEL_SVC: creating session with uuid: '3af4ce31-1c3a-4b4e-8ed0-a6d8f40e5af2' and name 'krnl_vadd'
Sun Dec  4 23:48:27 2022: GUIDANCE_SMGR: creating guidance session with uuid: '3af4ce31-1c3a-4b4e-8ed0-a6d8f40e5af2' and name 'krnl_vadd'
Sun Dec  4 23:48:27 2022: SYSTEM_DIAGRAM: creating session with uuid: '3af4ce31-1c3a-4b4e-8ed0-a6d8f40e5af2' and name 'krnl_vadd'
Sun Dec  4 23:48:52 2022: SESSION_MGR: closing session for UUID '3af4ce31-1c3a-4b4e-8ed0-a6d8f40e5af2' with name 'krnl_vadd'
Sun Dec  4 23:48:52 2022: KERNEL_SVC: closing session for UUID '3af4ce31-1c3a-4b4e-8ed0-a6d8f40e5af2' with name 'krnl_vadd'
Sun Dec  4 23:48:52 2022: GUIDANCE_SMGR: closing session for UUID '3af4ce31-1c3a-4b4e-8ed0-a6d8f40e5af2' with name 'krnl_vadd'
Sun Dec  4 23:48:52 2022: SYSTEM_DIAGRAM: closing session for UUID '3af4ce31-1c3a-4b4e-8ed0-a6d8f40e5af2' with name 'krnl_vadd'
Sun Dec  4 23:48:52 2022: STOP_SERVER received, server token: e12ef0e8-9c93-43d0-8495-7d64f39ed7f6, passed token: e12ef0e8-9c93-43d0-8495-7d64f39ed7f6
Sun Dec  4 23:48:52 2022: Socket received request to stop server.
Sun Dec  4 23:48:52 2022: Dispatch Server: do_await_stop
Sun Dec  4 23:48:52 2022: Dispatch Server: stopping mainFifo_
Sun Dec  4 23:48:52 2022: XCD main fifo: Stopping
Sun Dec  4 23:48:52 2022: XCD main fifo: do_read error code: Operation canceled
Sun Dec  4 23:48:52 2022: XCD main fifo: bytes_transferred: 0
Sun Dec  4 23:48:52 2022: SERVER: destructor for server bound to port 45467
Sun Dec  4 23:48:52 2022: XCD main fifo: Good unlink of /tmp/xcdmaine12ef0e8-9c93-43d0-8495-7d64f39ed7f6
Sun Dec  4 23:48:52 2022: Server exiting with status 0.
Sun Dec  4 23:48:52 2022: Closing log file.
Wed Dec  7 00:34:07 2022: Running xcd server. This server was built by gradle.
Wed Dec  7 00:34:07 2022: Server was asked to start on port: '46243'
Wed Dec  7 00:34:07 2022: Server is using token UUID: '8d71de06-4826-435e-9c1e-5f464d075d91'
Wed Dec  7 00:34:07 2022: SESSION_MGR: creating session with session uuid: '6d04a3e9-ade5-4ab9-8d63-1f78fcd2ec76' and name 'default'
Wed Dec  7 00:34:07 2022: Attempting to start server on port '46243'
Wed Dec  7 00:34:07 2022: XCD main fifo: created main fifo '/tmp/xcdmain8d71de06-4826-435e-9c1e-5f464d075d91', fd read = 14
Wed Dec  7 00:34:07 2022: Running Dispatch Server
Wed Dec  7 00:34:07 2022: Version 2.2.0
Wed Dec  7 00:34:15 2022: Dispatch Server: Accepted socket connection from client
Wed Dec  7 00:34:15 2022: Starting Socket connection
Wed Dec  7 00:34:15 2022: EXCHANGE_TOKEN received, server token: 8d71de06-4826-435e-9c1e-5f464d075d91, passed token: 8d71de06-4826-435e-9c1e-5f464d075d91
Wed Dec  7 00:34:15 2022: DISPATCH_HANDLER: Adding handler from function makeHandler in library libxv_system_diagram
Wed Dec  7 00:34:15 2022: SESSION_MGR: creating session with session uuid: '046a2ee5-f2ed-4226-9aad-568d16bb0477' and name 'krnl_vadd'
Wed Dec  7 00:34:15 2022: KERNEL_SVC: creating session with uuid: '046a2ee5-f2ed-4226-9aad-568d16bb0477' and name 'krnl_vadd'
Wed Dec  7 00:34:15 2022: GUIDANCE_SMGR: creating guidance session with uuid: '046a2ee5-f2ed-4226-9aad-568d16bb0477' and name 'krnl_vadd'
Wed Dec  7 00:34:15 2022: SYSTEM_DIAGRAM: creating session with uuid: '046a2ee5-f2ed-4226-9aad-568d16bb0477' and name 'krnl_vadd'
Wed Dec  7 00:35:19 2022: SESSION_MGR: closing session for UUID '046a2ee5-f2ed-4226-9aad-568d16bb0477' with name 'krnl_vadd'
Wed Dec  7 00:35:19 2022: KERNEL_SVC: closing session for UUID '046a2ee5-f2ed-4226-9aad-568d16bb0477' with name 'krnl_vadd'
Wed Dec  7 00:35:19 2022: GUIDANCE_SMGR: closing session for UUID '046a2ee5-f2ed-4226-9aad-568d16bb0477' with name 'krnl_vadd'
Wed Dec  7 00:35:19 2022: SYSTEM_DIAGRAM: closing session for UUID '046a2ee5-f2ed-4226-9aad-568d16bb0477' with name 'krnl_vadd'
Wed Dec  7 00:35:19 2022: STOP_SERVER received, server token: 8d71de06-4826-435e-9c1e-5f464d075d91, passed token: 8d71de06-4826-435e-9c1e-5f464d075d91
Wed Dec  7 00:35:19 2022: Socket received request to stop server.
Wed Dec  7 00:35:19 2022: Dispatch Server: do_await_stop
Wed Dec  7 00:35:19 2022: Dispatch Server: stopping mainFifo_
Wed Dec  7 00:35:19 2022: XCD main fifo: Stopping
Wed Dec  7 00:35:19 2022: XCD main fifo: do_read error code: Operation canceled
Wed Dec  7 00:35:19 2022: XCD main fifo: bytes_transferred: 0
Wed Dec  7 00:35:19 2022: SERVER: destructor for server bound to port 46243
Wed Dec  7 00:35:19 2022: XCD main fifo: Good unlink of /tmp/xcdmain8d71de06-4826-435e-9c1e-5f464d075d91
Wed Dec  7 00:35:19 2022: Server exiting with status 0.
Wed Dec  7 00:35:19 2022: Closing log file.
Thu Dec  8 00:04:39 2022: Running xcd server. This server was built by gradle.
Thu Dec  8 00:04:39 2022: Server was asked to start on port: '45797'
Thu Dec  8 00:04:39 2022: Server is using token UUID: '1978788c-4a8d-47d3-bf83-f237105085dc'
Thu Dec  8 00:04:39 2022: SESSION_MGR: creating session with session uuid: '6d04a3e9-ade5-4ab9-8d63-1f78fcd2ec76' and name 'default'
Thu Dec  8 00:04:39 2022: Attempting to start server on port '45797'
Thu Dec  8 00:04:39 2022: XCD main fifo: created main fifo '/tmp/xcdmain1978788c-4a8d-47d3-bf83-f237105085dc', fd read = 14
Thu Dec  8 00:04:39 2022: Running Dispatch Server
Thu Dec  8 00:04:39 2022: Version 2.2.0
Thu Dec  8 00:04:48 2022: Dispatch Server: Accepted socket connection from client
Thu Dec  8 00:04:48 2022: Starting Socket connection
Thu Dec  8 00:04:48 2022: EXCHANGE_TOKEN received, server token: 1978788c-4a8d-47d3-bf83-f237105085dc, passed token: 1978788c-4a8d-47d3-bf83-f237105085dc
Thu Dec  8 00:04:48 2022: DISPATCH_HANDLER: Adding handler from function makeHandler in library libxv_system_diagram
Thu Dec  8 00:04:48 2022: SESSION_MGR: creating session with session uuid: '36f13c52-086b-46a6-ac85-32caa73c4ebd' and name 'krnl_vadd'
Thu Dec  8 00:04:48 2022: KERNEL_SVC: creating session with uuid: '36f13c52-086b-46a6-ac85-32caa73c4ebd' and name 'krnl_vadd'
Thu Dec  8 00:04:48 2022: GUIDANCE_SMGR: creating guidance session with uuid: '36f13c52-086b-46a6-ac85-32caa73c4ebd' and name 'krnl_vadd'
Thu Dec  8 00:04:48 2022: SYSTEM_DIAGRAM: creating session with uuid: '36f13c52-086b-46a6-ac85-32caa73c4ebd' and name 'krnl_vadd'
Thu Dec  8 00:04:54 2022: SESSION_MGR: closing session for UUID '36f13c52-086b-46a6-ac85-32caa73c4ebd' with name 'krnl_vadd'
Thu Dec  8 00:04:54 2022: KERNEL_SVC: closing session for UUID '36f13c52-086b-46a6-ac85-32caa73c4ebd' with name 'krnl_vadd'
Thu Dec  8 00:04:54 2022: GUIDANCE_SMGR: closing session for UUID '36f13c52-086b-46a6-ac85-32caa73c4ebd' with name 'krnl_vadd'
Thu Dec  8 00:04:54 2022: SYSTEM_DIAGRAM: closing session for UUID '36f13c52-086b-46a6-ac85-32caa73c4ebd' with name 'krnl_vadd'
Thu Dec  8 00:04:54 2022: STOP_SERVER received, server token: 1978788c-4a8d-47d3-bf83-f237105085dc, passed token: 1978788c-4a8d-47d3-bf83-f237105085dc
Thu Dec  8 00:04:54 2022: Socket received request to stop server.
Thu Dec  8 00:04:54 2022: Dispatch Server: do_await_stop
Thu Dec  8 00:04:54 2022: Dispatch Server: stopping mainFifo_
Thu Dec  8 00:04:54 2022: XCD main fifo: Stopping
Thu Dec  8 00:04:54 2022: XCD main fifo: do_read error code: Operation canceled
Thu Dec  8 00:04:54 2022: XCD main fifo: bytes_transferred: 0
Thu Dec  8 00:04:54 2022: SERVER: destructor for server bound to port 45797
Thu Dec  8 00:04:54 2022: XCD main fifo: Good unlink of /tmp/xcdmain1978788c-4a8d-47d3-bf83-f237105085dc
Thu Dec  8 00:04:54 2022: Server exiting with status 0.
Thu Dec  8 00:04:54 2022: Closing log file.
Thu Dec  8 00:05:11 2022: Running xcd server. This server was built by gradle.
Thu Dec  8 00:05:11 2022: Server was asked to start on port: '33923'
Thu Dec  8 00:05:11 2022: Server is using token UUID: '2c0c9309-0614-4cfa-847a-bc2fd26d30f4'
Thu Dec  8 00:05:11 2022: SESSION_MGR: creating session with session uuid: '6d04a3e9-ade5-4ab9-8d63-1f78fcd2ec76' and name 'default'
Thu Dec  8 00:05:11 2022: Attempting to start server on port '33923'
Thu Dec  8 00:05:11 2022: XCD main fifo: created main fifo '/tmp/xcdmain2c0c9309-0614-4cfa-847a-bc2fd26d30f4', fd read = 14
Thu Dec  8 00:05:11 2022: Running Dispatch Server
Thu Dec  8 00:05:11 2022: Version 2.2.0
Thu Dec  8 00:05:20 2022: Dispatch Server: Accepted socket connection from client
Thu Dec  8 00:05:20 2022: Starting Socket connection
Thu Dec  8 00:05:20 2022: EXCHANGE_TOKEN received, server token: 2c0c9309-0614-4cfa-847a-bc2fd26d30f4, passed token: 2c0c9309-0614-4cfa-847a-bc2fd26d30f4
Thu Dec  8 00:05:20 2022: DISPATCH_HANDLER: Adding handler from function makeHandler in library libxv_system_diagram
Thu Dec  8 00:05:20 2022: SESSION_MGR: creating session with session uuid: 'a2483f97-2009-474d-95b9-d4157638125f' and name 'krnl_vadd'
Thu Dec  8 00:05:20 2022: KERNEL_SVC: creating session with uuid: 'a2483f97-2009-474d-95b9-d4157638125f' and name 'krnl_vadd'
Thu Dec  8 00:05:20 2022: GUIDANCE_SMGR: creating guidance session with uuid: 'a2483f97-2009-474d-95b9-d4157638125f' and name 'krnl_vadd'
Thu Dec  8 00:05:20 2022: SYSTEM_DIAGRAM: creating session with uuid: 'a2483f97-2009-474d-95b9-d4157638125f' and name 'krnl_vadd'
Thu Dec  8 00:05:46 2022: SESSION_MGR: closing session for UUID 'a2483f97-2009-474d-95b9-d4157638125f' with name 'krnl_vadd'
Thu Dec  8 00:05:46 2022: KERNEL_SVC: closing session for UUID 'a2483f97-2009-474d-95b9-d4157638125f' with name 'krnl_vadd'
Thu Dec  8 00:05:46 2022: GUIDANCE_SMGR: closing session for UUID 'a2483f97-2009-474d-95b9-d4157638125f' with name 'krnl_vadd'
Thu Dec  8 00:05:46 2022: SYSTEM_DIAGRAM: closing session for UUID 'a2483f97-2009-474d-95b9-d4157638125f' with name 'krnl_vadd'
Thu Dec  8 00:05:46 2022: STOP_SERVER received, server token: 2c0c9309-0614-4cfa-847a-bc2fd26d30f4, passed token: 2c0c9309-0614-4cfa-847a-bc2fd26d30f4
Thu Dec  8 00:05:46 2022: Socket received request to stop server.
Thu Dec  8 00:05:46 2022: Dispatch Server: do_await_stop
Thu Dec  8 00:05:46 2022: Dispatch Server: stopping mainFifo_
Thu Dec  8 00:05:46 2022: XCD main fifo: Stopping
Thu Dec  8 00:05:46 2022: XCD main fifo: do_read error code: Operation canceled
Thu Dec  8 00:05:46 2022: XCD main fifo: bytes_transferred: 0
Thu Dec  8 00:05:46 2022: SERVER: destructor for server bound to port 33923
Thu Dec  8 00:05:46 2022: XCD main fifo: Good unlink of /tmp/xcdmain2c0c9309-0614-4cfa-847a-bc2fd26d30f4
Thu Dec  8 00:05:46 2022: Server exiting with status 0.
Thu Dec  8 00:05:46 2022: Closing log file.
Thu Dec  8 00:15:36 2022: Running xcd server. This server was built by gradle.
Thu Dec  8 00:15:36 2022: Server was asked to start on port: '36643'
Thu Dec  8 00:15:36 2022: Server is using token UUID: '72cb7dcc-969e-4a13-97f6-e9418396a273'
Thu Dec  8 00:15:36 2022: SESSION_MGR: creating session with session uuid: '6d04a3e9-ade5-4ab9-8d63-1f78fcd2ec76' and name 'default'
Thu Dec  8 00:15:36 2022: Attempting to start server on port '36643'
Thu Dec  8 00:15:36 2022: XCD main fifo: created main fifo '/tmp/xcdmain72cb7dcc-969e-4a13-97f6-e9418396a273', fd read = 14
Thu Dec  8 00:15:36 2022: Running Dispatch Server
Thu Dec  8 00:15:36 2022: Version 2.2.0
Thu Dec  8 00:15:45 2022: Dispatch Server: Accepted socket connection from client
Thu Dec  8 00:15:45 2022: Starting Socket connection
Thu Dec  8 00:15:45 2022: EXCHANGE_TOKEN received, server token: 72cb7dcc-969e-4a13-97f6-e9418396a273, passed token: 72cb7dcc-969e-4a13-97f6-e9418396a273
Thu Dec  8 00:15:46 2022: DISPATCH_HANDLER: Adding handler from function makeHandler in library libxv_system_diagram
Thu Dec  8 00:15:46 2022: SESSION_MGR: creating session with session uuid: '3728024d-591b-4ded-8020-df96a15047d1' and name 'krnl_vadd'
Thu Dec  8 00:15:46 2022: KERNEL_SVC: creating session with uuid: '3728024d-591b-4ded-8020-df96a15047d1' and name 'krnl_vadd'
Thu Dec  8 00:15:46 2022: GUIDANCE_SMGR: creating guidance session with uuid: '3728024d-591b-4ded-8020-df96a15047d1' and name 'krnl_vadd'
Thu Dec  8 00:15:46 2022: SYSTEM_DIAGRAM: creating session with uuid: '3728024d-591b-4ded-8020-df96a15047d1' and name 'krnl_vadd'
Thu Dec  8 00:16:10 2022: SESSION_MGR: closing session for UUID '3728024d-591b-4ded-8020-df96a15047d1' with name 'krnl_vadd'
Thu Dec  8 00:16:10 2022: KERNEL_SVC: closing session for UUID '3728024d-591b-4ded-8020-df96a15047d1' with name 'krnl_vadd'
Thu Dec  8 00:16:10 2022: GUIDANCE_SMGR: closing session for UUID '3728024d-591b-4ded-8020-df96a15047d1' with name 'krnl_vadd'
Thu Dec  8 00:16:10 2022: SYSTEM_DIAGRAM: closing session for UUID '3728024d-591b-4ded-8020-df96a15047d1' with name 'krnl_vadd'
Thu Dec  8 00:16:10 2022: STOP_SERVER received, server token: 72cb7dcc-969e-4a13-97f6-e9418396a273, passed token: 72cb7dcc-969e-4a13-97f6-e9418396a273
Thu Dec  8 00:16:10 2022: Socket received request to stop server.
Thu Dec  8 00:16:10 2022: Dispatch Server: do_await_stop
Thu Dec  8 00:16:10 2022: Dispatch Server: stopping mainFifo_
Thu Dec  8 00:16:10 2022: XCD main fifo: Stopping
Thu Dec  8 00:16:10 2022: XCD main fifo: do_read error code: Operation canceled
Thu Dec  8 00:16:10 2022: XCD main fifo: bytes_transferred: 0
Thu Dec  8 00:16:10 2022: SERVER: destructor for server bound to port 36643
Thu Dec  8 00:16:10 2022: XCD main fifo: Good unlink of /tmp/xcdmain72cb7dcc-969e-4a13-97f6-e9418396a273
Thu Dec  8 00:16:10 2022: Server exiting with status 0.
Thu Dec  8 00:16:10 2022: Closing log file.
Sat Dec 10 11:45:44 2022: Running xcd server. This server was built by gradle.
Sat Dec 10 11:45:44 2022: Server was asked to start on port: '43863'
Sat Dec 10 11:45:44 2022: Server is using token UUID: 'b8faee58-d3c4-4143-adc2-446df0d72736'
Sat Dec 10 11:45:44 2022: SESSION_MGR: creating session with session uuid: '6d04a3e9-ade5-4ab9-8d63-1f78fcd2ec76' and name 'default'
Sat Dec 10 11:45:44 2022: Attempting to start server on port '43863'
Sat Dec 10 11:45:44 2022: XCD main fifo: created main fifo '/tmp/xcdmainb8faee58-d3c4-4143-adc2-446df0d72736', fd read = 14
Sat Dec 10 11:45:44 2022: Running Dispatch Server
Sat Dec 10 11:45:44 2022: Version 2.2.0
Sat Dec 10 11:45:53 2022: Dispatch Server: Accepted socket connection from client
Sat Dec 10 11:45:53 2022: Starting Socket connection
Sat Dec 10 11:45:53 2022: EXCHANGE_TOKEN received, server token: b8faee58-d3c4-4143-adc2-446df0d72736, passed token: b8faee58-d3c4-4143-adc2-446df0d72736
Sat Dec 10 11:45:53 2022: DISPATCH_HANDLER: Adding handler from function makeHandler in library libxv_system_diagram
Sat Dec 10 11:45:53 2022: SESSION_MGR: creating session with session uuid: 'd78b759a-db07-4e2b-a9e2-14bd7386fa52' and name 'krnl_vadd'
Sat Dec 10 11:45:53 2022: KERNEL_SVC: creating session with uuid: 'd78b759a-db07-4e2b-a9e2-14bd7386fa52' and name 'krnl_vadd'
Sat Dec 10 11:45:53 2022: GUIDANCE_SMGR: creating guidance session with uuid: 'd78b759a-db07-4e2b-a9e2-14bd7386fa52' and name 'krnl_vadd'
Sat Dec 10 11:45:53 2022: SYSTEM_DIAGRAM: creating session with uuid: 'd78b759a-db07-4e2b-a9e2-14bd7386fa52' and name 'krnl_vadd'
Sat Dec 10 11:46:19 2022: SESSION_MGR: closing session for UUID 'd78b759a-db07-4e2b-a9e2-14bd7386fa52' with name 'krnl_vadd'
Sat Dec 10 11:46:19 2022: KERNEL_SVC: closing session for UUID 'd78b759a-db07-4e2b-a9e2-14bd7386fa52' with name 'krnl_vadd'
Sat Dec 10 11:46:19 2022: GUIDANCE_SMGR: closing session for UUID 'd78b759a-db07-4e2b-a9e2-14bd7386fa52' with name 'krnl_vadd'
Sat Dec 10 11:46:19 2022: SYSTEM_DIAGRAM: closing session for UUID 'd78b759a-db07-4e2b-a9e2-14bd7386fa52' with name 'krnl_vadd'
Sat Dec 10 11:46:19 2022: STOP_SERVER received, server token: b8faee58-d3c4-4143-adc2-446df0d72736, passed token: b8faee58-d3c4-4143-adc2-446df0d72736
Sat Dec 10 11:46:19 2022: Socket received request to stop server.
Sat Dec 10 11:46:19 2022: Dispatch Server: do_await_stop
Sat Dec 10 11:46:19 2022: Dispatch Server: stopping mainFifo_
Sat Dec 10 11:46:19 2022: XCD main fifo: Stopping
Sat Dec 10 11:46:19 2022: XCD main fifo: do_read error code: Operation canceled
Sat Dec 10 11:46:19 2022: XCD main fifo: bytes_transferred: 0
Sat Dec 10 11:46:19 2022: SERVER: destructor for server bound to port 43863
Sat Dec 10 11:46:19 2022: XCD main fifo: Good unlink of /tmp/xcdmainb8faee58-d3c4-4143-adc2-446df0d72736
Sat Dec 10 11:46:19 2022: Server exiting with status 0.
Sat Dec 10 11:46:19 2022: Closing log file.
